c:\users\showd\onedrive\문서\visual studio 2015\projects\cpp\x64\release\vc140.pdb
c:\users\showd\onedrive\문서\visual studio 2015\projects\cpp\x64\release\test.obj
c:\users\showd\onedrive\문서\visual studio 2015\projects\cpp\x64\release\templ.obj
c:\users\showd\onedrive\문서\visual studio 2015\projects\cpp\x64\release\stack.obj
c:\users\showd\onedrive\문서\visual studio 2015\projects\cpp\x64\release\sort.obj
c:\users\showd\onedrive\문서\visual studio 2015\projects\cpp\x64\release\queue.obj
c:\users\showd\onedrive\문서\visual studio 2015\projects\cpp\x64\release\list.obj
c:\users\showd\onedrive\문서\visual studio 2015\projects\cpp\x64\release\binary_search.obj
c:\users\showd\onedrive\문서\visual studio 2015\projects\cpp\x64\release\callby.obj
c:\users\showd\onedrive\문서\visual studio 2015\projects\cpp\x64\release\parent.obj
c:\users\showd\onedrive\문서\visual studio 2015\projects\cpp\x64\release\main.obj
c:\users\showd\onedrive\문서\visual studio 2015\projects\cpp\x64\release\data_structure.obj
c:\users\showd\onedrive\문서\visual studio 2015\projects\cpp\x64\release\child.obj
c:\users\showd\onedrive\문서\visual studio 2015\projects\cpp\x64\release\binary_search_tree.obj
c:\users\showd\onedrive\문서\visual studio 2015\projects\cpp\x64\release\app.obj
c:\users\showd\onedrive\문서\visual studio 2015\projects\cpp\x64\release\consolea.12038fff.tlog\cl.command.1.tlog
c:\users\showd\onedrive\문서\visual studio 2015\projects\cpp\x64\release\consolea.12038fff.tlog\cl.read.1.tlog
c:\users\showd\onedrive\문서\visual studio 2015\projects\cpp\x64\release\consolea.12038fff.tlog\cl.write.1.tlog
c:\users\showd\onedrive\문서\visual studio 2015\projects\cpp\x64\release\consolea.12038fff.tlog\link.command.1.tlog
c:\users\showd\onedrive\문서\visual studio 2015\projects\cpp\x64\release\consolea.12038fff.tlog\link.read.1.tlog
c:\users\showd\onedrive\문서\visual studio 2015\projects\cpp\x64\release\consolea.12038fff.tlog\link.write.1.tlog
